Запуск в  Вс 19 мар 2023 15:36:21 MSK
19.03 15:36:21  К.ракета 	55c2cd	0		 Koord 8238000	4871000		Speed -688	 -387 	Ttl 162
Запуск в  Вс 19 мар 2023 15:43:37 MSK
19.03 15:43:37  Самолет 	1fb844	0		 Koord 5409000	2243000		Speed 86	 5 	Ttl 207
Запуск в  Пн 20 мар 2023 18:46:59 MSK
20.03 18:46:59  Самолет 	d26537	0		 Koord 8962000	5246000		Speed -63	 -8 	Ttl 137
Запуск в  Пн 20 мар 2023 18:55:11 MSK
20.03 18:55:11  Бал.блок 	602283	0		 Koord 9909000	5946000		Speed -7918	 2751 	Ttl 59
Запуск в  Пн 20 мар 2023 18:55:16 MSK
20.03 18:55:16  Бал.блок 	764d6b	0		 Koord 11416000	5454000		Speed -9567	 2795 	Ttl 202
Запуск в  Пн 20 мар 2023 18:57:16 MSK
20.03 18:57:16  Самолет 	880c72	0		 Koord 6708000	4163000		Speed -184	 125 	Ttl 52
Запуск в  Пн 20 мар 2023 19:36:25 MSK
20.03 19:36:25  К.ракета 	78dfb1	0		 Koord 6996000	4947000		Speed -666	 -97 	Ttl 139
Запуск в  Пн 20 мар 2023 19:38:40 MSK
20.03 19:38:40  Самолет 	fb257e	0		 Koord 8626000	6605000		Speed -55	 -134 	Ttl 140
Запуск в  Пн 20 мар 2023 19:56:03 MSK
20.03 19:56:03  К.ракета 	9d3232	0		 Koord 7381000	4589000		Speed -400	 -463 	Ttl 115
Запуск в  Пн 20 мар 2023 20:01:13 MSK
20.03 20:01:13  Самолет 	87914d	0		 Koord 5445000	3329000		Speed 82	 40 	Ttl 100
Запуск в  Пн 20 мар 2023 20:29:15 MSK
20.03 20:29:15  Самолет 	54029f	0		 Koord 2974000	3112000		Speed 150	 21 	Ttl 123
Запуск в  Пн 20 мар 2023 20:31:25 MSK
20.03 20:31:25  К.ракета 	4b80f0	9		 Koord 6264000	4128000		Speed 762	 308 	Ttl 46
20.03 20:31:25  Самолет 	0c9a1a	8		 Koord 9917000	5359000		Speed -238	 -57 	Ttl 203
20.03 20:31:25  Бал.блок 	da1e04	7		 Koord 4843000	500000		Speed 4778	 8774 	Ttl 41
20.03 20:31:25  Бал.блок 	51d9ff	6		 Koord 2289000	3260000		Speed 7491	 -4877 	Ttl 165
20.03 20:31:25  Бал.блок 	64d401	5		 Koord 3714000	4933000		Speed 8548	 2708 	Ttl 19
20.03 20:31:25  Самолет 	da5688	4		 Koord 6027000	3139000		Speed 126	 70 	Ttl 38
20.03 20:31:25  Бал.блок 	53e988	3		 Koord 3952000	5353000		Speed 7080	 4336 	Ttl 152
20.03 20:31:25  Самолет 	492e1e	2		 Koord 7416000	4525000		Speed -176	 -75 	Ttl 191
20.03 20:31:25  Бал.блок 	cf0708	1		 Koord 4792000	8930000		Speed 8472	 -64 	Ttl 93
20.03 20:31:25  Самолет 	314418	0		 Koord 5230000	2463000		Speed 82	 103 	Ttl 134
Запуск в  Пн 20 мар 2023 20:39:03 MSK
20.03 20:39:03  Бал.блок 	7d7991	9		 Koord 12539000	2215000		Speed -9496	 2064 	Ttl 227
20.03 20:39:03  К.ракета 	40635f	8		 Koord 7994000	2322000		Speed -826	 93 	Ttl 176
20.03 20:39:03  К.ракета 	e8fa7c	7		 Koord 3497000	6367000		Speed 109	 -366 	Ttl 156
20.03 20:39:03  К.ракета 	d54c3a	6		 Koord 4328000	5849000		Speed 503	 -633 	Ttl 165
20.03 20:39:04  Самолет 	7febee	5		 Koord 3783000	3761000		Speed 194	 76 	Ttl 28
20.03 20:39:04  Бал.блок 	f57d7f	4		 Koord 7936000	353000		Speed -4706	 7695 	Ttl 293
20.03 20:39:04  Самолет 	c06ea9	3		 Koord 3816000	4439000		Speed 139	 5 	Ttl 185
20.03 20:39:04  Самолет 	631c22	2		 Koord 2810000	5273000		Speed 226	 -19 	Ttl 86
20.03 20:39:04  К.ракета 	f7889a	1		 Koord 8430000	2332000		Speed -991	 112 	Ttl 42
20.03 20:39:04  Бал.блок 	db0f60	0		 Koord 3497000	5195000		Speed 8142	 78 	Ttl 211
